2024-08-16 21:18:06.900 [background-preinit] INFO  org.hibernate.validator.internal.util.Version - HV000001: Hibernate Validator 8.0.1.Final
2024-08-16 21:18:06.958 [restartedMain] INFO  com.vti.springframework.SpringFrameworkApplication - Starting SpringFrameworkApplication using Java 22.0.2 with PID 16440 (D:\VTI\Railway85\Java Advanced\spring_framework\target\classes started by HOME in D:\VTI\Railway85\Java Advanced\spring_framework)
2024-08-16 21:18:06.964 [restartedMain] INFO  com.vti.springframework.SpringFrameworkApplication - No active profile set, falling back to 1 default profile: "default"
2024-08-16 21:18:07.018 [restartedMain] INFO  org.springframework.boot.devtools.env.DevToolsPropertyDefaultsPostProcessor - Devtools property defaults active! Set 'spring.devtools.add-properties' to 'false' to disable
2024-08-16 21:18:07.019 [restartedMain] INFO  org.springframework.boot.devtools.env.DevToolsPropertyDefaultsPostProcessor - For additional web related logging consider setting the 'logging.level.web' property to 'DEBUG'
2024-08-16 21:18:07.962 [restartedMain] INFO  org.springframework.data.repository.config.RepositoryConfigurationDelegate - Bootstrapping Spring Data JPA repositories in DEFAULT mode.
2024-08-16 21:18:08.015 [restartedMain] INFO  org.springframework.data.repository.config.RepositoryConfigurationDelegate - Finished Spring Data repository scanning in 47 ms. Found 3 JPA repository interfaces.
2024-08-16 21:18:08.673 [restartedMain] INFO  org.springframework.boot.web.embedded.tomcat.TomcatWebServer - Tomcat initialized with port 8080 (http)
2024-08-16 21:18:08.686 [restartedMain] INFO  org.apache.coyote.http11.Http11NioProtocol - Initializing ProtocolHandler ["http-nio-8080"]
2024-08-16 21:18:08.689 [restartedMain] INFO  org.apache.catalina.core.StandardService - Starting service [Tomcat]
2024-08-16 21:18:08.689 [restartedMain] INFO  org.apache.catalina.core.StandardEngine - Starting Servlet engine: [Apache Tomcat/10.1.26]
2024-08-16 21:18:08.742 [restartedMain] INFO  org.apache.catalina.core.ContainerBase.[Tomcat].[localhost].[/] - Initializing Spring embedded WebApplicationContext
2024-08-16 21:18:08.744 [restartedMain] INFO  org.springframework.boot.web.servlet.context.ServletWebServerApplicationContext - Root WebApplicationContext: initialization completed in 1723 ms
2024-08-16 21:18:08.918 [restartedMain] INFO  org.hibernate.jpa.internal.util.LogHelper - HHH000204: Processing PersistenceUnitInfo [name: default]
2024-08-16 21:18:08.975 [restartedMain] INFO  org.hibernate.Version - HHH000412: Hibernate ORM core version 6.5.2.Final
2024-08-16 21:18:09.005 [restartedMain] INFO  org.hibernate.cache.internal.RegionFactoryInitiator - HHH000026: Second-level cache disabled
2024-08-16 21:18:09.266 [restartedMain] INFO  org.springframework.orm.jpa.persistenceunit.SpringPersistenceUnitInfo - No LoadTimeWeaver setup: ignoring JPA class transformer
2024-08-16 21:18:09.289 [restartedMain] INFO  com.zaxxer.hikari.HikariDataSource - HikariPool-1 - Starting...
2024-08-16 21:18:09.560 [restartedMain] INFO  com.zaxxer.hikari.pool.HikariPool - HikariPool-1 - Added connection com.mysql.cj.jdbc.ConnectionImpl@44a9c988
2024-08-16 21:18:09.561 [restartedMain] INFO  com.zaxxer.hikari.HikariDataSource - HikariPool-1 - Start completed.
2024-08-16 21:18:10.386 [restartedMain] INFO  org.hibernate.engine.transaction.jta.platform.internal.JtaPlatformInitiator - HHH000489: No JTA platform available (set 'hibernate.transaction.jta.platform' to enable JTA platform integration)
2024-08-16 21:18:10.399 [restartedMain] DEBUG org.hibernate.SQL - alter table comment drop foreign key FKs1slvnkuemjsq2kj4h3vhx7i1
2024-08-16 21:18:10.408 [restartedMain] DEBUG org.hibernate.SQL - drop table if exists comment
2024-08-16 21:18:10.415 [restartedMain] DEBUG org.hibernate.SQL - drop table if exists post
2024-08-16 21:18:10.419 [restartedMain] DEBUG org.hibernate.SQL - drop table if exists `user`
2024-08-16 21:18:10.429 [restartedMain] DEBUG org.hibernate.SQL - create table comment (created_at datetime(6) not null, id bigint not null auto_increment, post_id bigint not null, updated_at datetime(6) not null, name varchar(50) not null, email varchar(75) not null, body varchar(100) not null, primary key (id)) engine=InnoDB
2024-08-16 21:18:10.439 [restartedMain] DEBUG org.hibernate.SQL - create table post (created_at datetime(6) not null, id bigint not null auto_increment, updated_at datetime(6) not null, title varchar(50) not null, description varchar(100) not null, content varchar(150) not null, primary key (id)) engine=InnoDB
2024-08-16 21:18:10.448 [restartedMain] DEBUG org.hibernate.SQL - create table `user` (created_at datetime(6) not null, id bigint not null auto_increment, updated_at datetime(6) not null, email varchar(50) not null, name varchar(50) not null, username varchar(50) not null, password varchar(100) not null, role enum ('ADMIN','EMPLOYEE','MANAGER') not null, primary key (id)) engine=InnoDB
2024-08-16 21:18:10.457 [restartedMain] DEBUG org.hibernate.SQL - alter table `user` add constraint UKhl4ga9r00rh51mdaf20hmnslt unique (email)
2024-08-16 21:18:10.471 [restartedMain] DEBUG org.hibernate.SQL - alter table `user` add constraint UK5c856itaihtmi69ni04cmpc4m unique (username)
2024-08-16 21:18:10.479 [restartedMain] DEBUG org.hibernate.SQL - alter table comment add constraint FKs1slvnkuemjsq2kj4h3vhx7i1 foreign key (post_id) references post (id) on delete cascade
2024-08-16 21:18:10.509 [restartedMain] INFO  org.springframework.orm.jpa.LocalContainerEntityManagerFactoryBean - Initialized JPA EntityManagerFactory for persistence unit 'default'
2024-08-16 21:18:10.890 [restartedMain] INFO  org.springframework.data.jpa.repository.query.QueryEnhancerFactory - Hibernate is in classpath; If applicable, HQL parser will be used.
2024-08-16 21:18:11.402 [restartedMain] WARN  org.springframework.boot.autoconfigure.orm.jpa.JpaBaseConfiguration$JpaWebConfiguration - spring.jpa.open-in-view is enabled by default. Therefore, database queries may be performed during view rendering. Explicitly configure spring.jpa.open-in-view to disable this warning
2024-08-16 21:18:11.510 [restartedMain] INFO  org.springframework.security.config.annotation.authentication.configuration.InitializeUserDetailsBeanManagerConfigurer$InitializeUserDetailsManagerConfigurer - Global AuthenticationManager configured with UserDetailsService bean with name userServiceImpl
2024-08-16 21:18:12.161 [restartedMain] INFO  org.springframework.boot.devtools.autoconfigure.OptionalLiveReloadServer - LiveReload server is running on port 35729
2024-08-16 21:18:12.176 [restartedMain] INFO  org.apache.coyote.http11.Http11NioProtocol - Starting ProtocolHandler ["http-nio-8080"]
2024-08-16 21:18:12.196 [restartedMain] INFO  org.springframework.boot.web.embedded.tomcat.TomcatWebServer - Tomcat started on port 8080 (http) with context path '/'
2024-08-16 21:18:12.208 [restartedMain] INFO  com.vti.springframework.SpringFrameworkApplication - Started SpringFrameworkApplication in 5.638 seconds (process running for 6.685)
2024-08-16 21:18:12.343 [restartedMain] DEBUG org.hibernate.SQL - insert into `user` (created_at,email,name,password,role,updated_at,username) values (?,?,?,?,?,?,?)
2024-08-16 21:18:12.350 [restartedMain] TRACE org.hibernate.orm.jdbc.bind - binding parameter (1:TIMESTAMP) <- [2024-08-16T21:18:12.337836]
2024-08-16 21:18:12.351 [restartedMain] TRACE org.hibernate.orm.jdbc.bind - binding parameter (2:VARCHAR) <- [an.pg@gmail.com]
2024-08-16 21:18:12.351 [restartedMain] TRACE org.hibernate.orm.jdbc.bind - binding parameter (3:VARCHAR) <- [Phạm Gia Ân]
2024-08-16 21:18:12.351 [restartedMain] TRACE org.hibernate.orm.jdbc.bind - binding parameter (4:VARCHAR) <- [$2a$10$qW7JFSoSrC.pmC7RoIPOVuRRLHgxRQycPhmPhA89y0Sig2/gh5Gy6]
2024-08-16 21:18:12.352 [restartedMain] TRACE org.hibernate.orm.jdbc.bind - binding parameter (5:ENUM) <- [ADMIN]
2024-08-16 21:18:12.352 [restartedMain] TRACE org.hibernate.orm.jdbc.bind - binding parameter (6:TIMESTAMP) <- [2024-08-16T21:18:12.337836]
2024-08-16 21:18:12.352 [restartedMain] TRACE org.hibernate.orm.jdbc.bind - binding parameter (7:VARCHAR) <- [an.pg]
2024-08-16 21:18:12.375 [restartedMain] TRACE org.hibernate.orm.jdbc.extract - extracted value (1:BIGINT) -> [1]
2024-08-16 21:29:58.878 [SpringApplicationShutdownHook] INFO  org.springframework.orm.jpa.LocalContainerEntityManagerFactoryBean - Closing JPA EntityManagerFactory for persistence unit 'default'
2024-08-16 21:29:58.878 [SpringApplicationShutdownHook] INFO  com.zaxxer.hikari.HikariDataSource - HikariPool-1 - Shutdown initiated...
2024-08-16 21:29:58.878 [SpringApplicationShutdownHook] INFO  com.zaxxer.hikari.HikariDataSource - HikariPool-1 - Shutdown completed.
